{"/Users/Libby/Documents/GitHub/kewlbeans/Server/app.js": {"path":"/Users/Libby/Documents/GitHub/kewlbeans/Server/app.js","statementMap":{"0":{"start":{"line":1,"column":16},"end":{"line":1,"column":34}},"1":{"start":{"line":2,"column":12},"end":{"line":2,"column":21}},"2":{"start":{"line":3,"column":13},"end":{"line":3,"column":28}},"3":{"start":{"line":4,"column":13},"end":{"line":4,"column":37}},"4":{"start":{"line":5,"column":19},"end":{"line":5,"column":41}},"5":{"start":{"line":6,"column":11},"end":{"line":6,"column":24}},"6":{"start":{"line":10,"column":0},"end":{"line":10,"column":16}},"7":{"start":{"line":13,"column":0},"end":{"line":13,"column":27}},"8":{"start":{"line":14,"column":0},"end":{"line":14,"column":24}},"9":{"start":{"line":16,"column":0},"end":{"line":16,"column":50}},"10":{"start":{"line":16,"column":27},"end":{"line":16,"column":48}},"11":{"start":{"line":18,"column":0},"end":{"line":22,"column":2}},"12":{"start":{"line":19,"column":4},"end":{"line":19,"column":15}},"13":{"start":{"line":20,"column":4},"end":{"line":20,"column":22}},"14":{"start":{"line":21,"column":4},"end":{"line":21,"column":24}},"15":{"start":{"line":24,"column":0},"end":{"line":50,"column":2}},"16":{"start":{"line":25,"column":26},"end":{"line":25,"column":46}},"17":{"start":{"line":26,"column":4},"end":{"line":26,"column":31}},"18":{"start":{"line":28,"column":22},"end":{"line":40,"column":5}},"19":{"start":{"line":41,"column":4},"end":{"line":41,"column":23}},"20":{"start":{"line":42,"column":4},"end":{"line":42,"column":24}},"21":{"start":{"line":43,"column":4},"end":{"line":43,"column":43}},"22":{"start":{"line":44,"column":4},"end":{"line":44,"column":55}},"23":{"start":{"line":45,"column":4},"end":{"line":45,"column":47}},"24":{"start":{"line":46,"column":4},"end":{"line":46,"column":39}},"25":{"start":{"line":47,"column":4},"end":{"line":47,"column":28}},"26":{"start":{"line":48,"column":4},"end":{"line":48,"column":23}},"27":{"start":{"line":49,"column":4},"end":{"line":49,"column":15}},"28":{"start":{"line":53,"column":23},"end":{"line":53,"column":52}},"29":{"start":{"line":54,"column":4},"end":{"line":60,"column":6}},"30":{"start":{"line":55,"column":8},"end":{"line":59,"column":9}},"31":{"start":{"line":55,"column":13},"end":{"line":55,"column":65}},"32":{"start":{"line":57,"column":12},"end":{"line":57,"column":31}},"33":{"start":{"line":64,"column":4},"end":{"line":74,"column":6}},"34":{"start":{"line":65,"column":8},"end":{"line":68,"column":9}},"35":{"start":{"line":66,"column":12},"end":{"line":66,"column":30}},"36":{"start":{"line":67,"column":12},"end":{"line":67,"column":19}},"37":{"start":{"line":69,"column":8},"end":{"line":73,"column":9}},"38":{"start":{"line":70,"column":12},"end":{"line":70,"column":45}},"39":{"start":{"line":72,"column":0},"end":{"line":72,"column":18}},"40":{"start":{"line":90,"column":0},"end":{"line":90,"column":21}}},"fnMap":{"0":{"name":"(anonymous_0)","decl":{"start":{"line":16,"column":13},"end":{"line":16,"column":14}},"loc":{"start":{"line":16,"column":27},"end":{"line":16,"column":48}},"line":16},"1":{"name":"(anonymous_1)","decl":{"start":{"line":18,"column":20},"end":{"line":18,"column":21}},"loc":{"start":{"line":18,"column":34},"end":{"line":22,"column":1}},"line":18},"2":{"name":"(anonymous_2)","decl":{"start":{"line":24,"column":31},"end":{"line":24,"column":32}},"loc":{"start":{"line":24,"column":45},"end":{"line":50,"column":1}},"line":24},"3":{"name":"writeJSON","decl":{"start":{"line":52,"column":9},"end":{"line":52,"column":18}},"loc":{"start":{"line":52,"column":25},"end":{"line":61,"column":1}},"line":52},"4":{"name":"(anonymous_4)","decl":{"start":{"line":54,"column":47},"end":{"line":54,"column":48}},"loc":{"start":{"line":54,"column":56},"end":{"line":60,"column":5}},"line":54},"5":{"name":"readJSON","decl":{"start":{"line":63,"column":9},"end":{"line":63,"column":17}},"loc":{"start":{"line":63,"column":20},"end":{"line":75,"column":1}},"line":63},"6":{"name":"(anonymous_6)","decl":{"start":{"line":64,"column":43},"end":{"line":64,"column":44}},"loc":{"start":{"line":64,"column":64},"end":{"line":74,"column":5}},"line":64}},"branchMap":{"0":{"loc":{"start":{"line":4,"column":13},"end":{"line":4,"column":37}},"type":"binary-expr","locations":[{"start":{"line":4,"column":13},"end":{"line":4,"column":29}},{"start":{"line":4,"column":33},"end":{"line":4,"column":37}}],"line":4},"1":{"loc":{"start":{"line":65,"column":8},"end":{"line":68,"column":9}},"type":"if","locations":[{"start":{"line":65,"column":8},"end":{"line":68,"column":9}},{"start":{},"end":{}}],"line":65}},"s":{"0":1,"1":1,"2":1,"3":1,"4":1,"5":1,"6":1,"7":1,"8":1,"9":1,"10":1,"11":1,"12":1,"13":1,"14":1,"15":1,"16":0,"17":0,"18":0,"19":0,"20":0,"21":0,"22":0,"23":0,"24":0,"25":0,"26":0,"27":0,"28":0,"29":0,"30":0,"31":0,"32":0,"33":1,"34":0,"35":0,"36":0,"37":0,"38":0,"39":0,"40":1},"f":{"0":1,"1":1,"2":0,"3":0,"4":0,"5":1,"6":0},"b":{"0":[1,1],"1":[0,0]},"_coverageSchema":"1a1c01bbd47fc00a2c39e90264f33305004495a9","hash":"ac5a476d220dcbdf46d7a748c1bef500602d0718"}
}
