TN:
SF:app.js
FN:16,(anonymous_0)
FN:18,(anonymous_1)
FN:24,(anonymous_2)
FN:52,writeJSON
FN:54,(anonymous_4)
FN:63,readJSON
FN:64,(anonymous_6)
FNF:7
FNH:3
FNDA:1,(anonymous_0)
FNDA:1,(anonymous_1)
FNDA:0,(anonymous_2)
FNDA:0,writeJSON
FNDA:0,(anonymous_4)
FNDA:1,readJSON
FNDA:0,(anonymous_6)
DA:1,1
DA:2,1
DA:3,1
DA:4,1
DA:5,1
DA:6,1
DA:10,1
DA:13,1
DA:14,1
DA:16,1
DA:18,1
DA:19,1
DA:20,1
DA:21,1
DA:24,1
DA:25,0
DA:26,0
DA:28,0
DA:41,0
DA:42,0
DA:43,0
DA:44,0
DA:45,0
DA:46,0
DA:47,0
DA:48,0
DA:49,0
DA:53,0
DA:54,0
DA:55,0
DA:57,0
DA:64,1
DA:65,0
DA:66,0
DA:67,0
DA:69,0
DA:70,0
DA:72,0
DA:90,1
LF:39
LH:17
BRDA:4,0,0,1
BRDA:4,0,1,1
BRDA:65,1,0,0
BRDA:65,1,1,0
BRF:4
BRH:2
end_of_record
